<?xml version="1.0" encoding="UTF-8"?>
<!-- Generated by org.testng.reporters.JUnitReportReporter -->
<testsuite hostname="Ayush" failures="0" tests="2" name="apiTestCaases.CreatePlaceAPI" time="2.711" errors="0" timestamp="2023-08-14T01:57:52 IST" skipped="0">
  <testcase classname="apiTestCaases.CreatePlaceAPI" name="CreateNewPlaceonGoogle" time="2.602"/>
  <testcase classname="apiTestCaases.CreatePlaceAPI" name="GetAllUsersApi" time="0.109"/>
</testsuite> <!-- apiTestCaases.CreatePlaceAPI -->
