<?xml version="1.0" encoding="UTF-8"?>
<!-- Generated by org.testng.reporters.JUnitReportReporter -->
<testsuite hostname="Ayush" failures="0" tests="2" name="apiTestCaases.DummYRestApiTestCases" time="4.435" errors="0" timestamp="2023-08-18T04:09:50 IST" skipped="1">
  <testcase classname="apiTestCaases.DummYRestApiTestCases" name="dummyrestapi" time="4.435"/>
  <testcase classname="apiTestCaases.DummYRestApiTestCases" name="updateRetapi">
    <skipped/>
  </testcase> <!-- updateRetapi -->
</testsuite> <!-- apiTestCaases.DummYRestApiTestCases -->
