<?xml version="1.0" encoding="UTF-8"?>
<!-- Generated by org.testng.reporters.JUnitReportReporter -->
<testsuite hostname="Ayush" failures="0" tests="1" name="apiTestCaases.GooglePlaceapi" time="2.532" errors="0" timestamp="2023-08-20T01:36:47 IST" skipped="0">
  <testcase classname="apiTestCaases.GooglePlaceapi" name="creategoogleplaceapi" time="2.532"/>
</testsuite> <!-- apiTestCaases.GooglePlaceapi -->
