<?xml version="1.0" encoding="UTF-8"?>
<!-- Generated by org.testng.reporters.JUnitReportReporter -->
<testsuite hostname="Ayush" failures="0" tests="1" name="apiTestCaases.LibraryAPITest" time="2.124" errors="0" timestamp="2023-08-19T22:49:25 IST" skipped="0">
  <testcase classname="apiTestCaases.LibraryAPITest" name="createbookapi" time="2.124"/>
</testsuite> <!-- apiTestCaases.LibraryAPITest -->
